[debug] [2025-11-03T07:20:40.664Z] ----------------------------------------------------------------------
[debug] [2025-11-03T07:20:40.675Z] Command:       C:\Program Files\nodejs\node.exe C:\Users\User\AppData\Roaming\npm\node_modules\firebase-tools\lib\bin\firebase.js init
[debug] [2025-11-03T07:20:40.678Z] CLI Version:   14.23.0
[debug] [2025-11-03T07:20:40.678Z] Platform:      win32
[debug] [2025-11-03T07:20:40.679Z] Node Version:  v22.20.0
[debug] [2025-11-03T07:20:40.680Z] Time:          Mon Nov 03 2025 09:20:40 GMT+0200 (South Africa Standard Time)
[debug] [2025-11-03T07:20:40.681Z] ----------------------------------------------------------------------
[debug] 
[info] 
     ######## #### ########  ######## ########     ###     ######  ########
     ##        ##  ##     ## ##       ##     ##  ##   ##  ##       ##
     ######    ##  ########  ######   ########  #########  ######  ######
     ##        ##  ##    ##  ##       ##     ## ##     ##       ## ##
     ##       #### ##     ## ######## ########  ##     ##  ######  ########

You're about to initialize a Firebase project in this directory:

  C:\Users\User\Desktop\Lab test 2

[info] 
=== Project Setup
[info] 
[info] First, let's associate this project directory with a Firebase project.
[info] You can create multiple project aliases by running firebase use --add, 
[info] 
[debug] [2025-11-03T07:26:21.707Z] ExitPromptError: User force closed the prompt with SIGINT
    at Interface.sigint (C:\Users\User\AppData\Roaming\npm\node_modules\firebase-tools\node_modules\@inquirer\core\dist\commonjs\lib\create-prompt.js:101:37)
    at Interface.emit (node:events:519:28)
    at Interface.emit (node:domain:489:12)
    at [_ttyWrite] [as _ttyWrite] (node:internal/readline/interface:1128:18)
    at ReadStream.onkeypress (node:internal/readline/interface:271:20)
    at ReadStream.emit (node:events:531:35)
    at ReadStream.emit (node:domain:489:12)
    at emitKeys (node:internal/readline/utils:370:14)
    at emitKeys.next (<anonymous>)
    at ReadStream.onData (node:internal/readline/emitKeypressEvents:64:36)
[error] 
[error] Error: An unexpected error has occurred.
[debug] [2025-11-03T07:29:57.052Z] ----------------------------------------------------------------------
[debug] [2025-11-03T07:29:57.056Z] Command:       C:\Program Files\nodejs\node.exe C:\Users\User\AppData\Roaming\npm\node_modules\firebase-tools\lib\bin\firebase.js init
[debug] [2025-11-03T07:29:57.057Z] CLI Version:   14.23.0
[debug] [2025-11-03T07:29:57.058Z] Platform:      win32
[debug] [2025-11-03T07:29:57.058Z] Node Version:  v22.20.0
[debug] [2025-11-03T07:29:57.058Z] Time:          Mon Nov 03 2025 09:29:57 GMT+0200 (South Africa Standard Time)
[debug] [2025-11-03T07:29:57.059Z] ----------------------------------------------------------------------
[debug] 
[info] 
     ######## #### ########  ######## ########     ###     ######  ########
     ##        ##  ##     ## ##       ##     ##  ##   ##  ##       ##
     ######    ##  ########  ######   ########  #########  ######  ######
     ##        ##  ##    ##  ##       ##     ## ##     ##       ## ##
     ##       #### ##     ## ######## ########  ##     ##  ######  ########

You're about to initialize a Firebase project in this directory:

  C:\Users\User\Desktop\Lab test 2

[info] 
=== Project Setup
[info] 
[info] First, let's associate this project directory with a Firebase project.
[info] You can create multiple project aliases by running firebase use --add, 
[info] 
[debug] [2025-11-03T07:33:06.577Z] > command requires scopes: ["email","openid","https://www.googleapis.com/auth/cloudplatformprojects.readonly","https://www.googleapis.com/auth/firebase","https://www.googleapis.com/auth/cloud-platform"]
[debug] [2025-11-03T07:33:06.578Z] > authorizing via signed-in user (koloitumo2@gmail.com)
[debug] [2025-11-03T07:33:06.580Z] Checked if tokens are valid: false, expires at: 1762125870017
[debug] [2025-11-03T07:33:06.581Z] Checked if tokens are valid: false, expires at: 1762125870017
[debug] [2025-11-03T07:33:06.581Z] > refreshing access token with scopes: []
[debug] [2025-11-03T07:33:06.585Z] >>> [apiv2][query] POST https://www.googleapis.com/oauth2/v3/token [none]
[debug] [2025-11-03T07:33:06.585Z] >>> [apiv2][body] POST https://www.googleapis.com/oauth2/v3/token [omitted]
[debug] [2025-11-03T07:33:07.309Z] <<< [apiv2][status] POST https://www.googleapis.com/oauth2/v3/token 200
[debug] [2025-11-03T07:33:07.309Z] <<< [apiv2][body] POST https://www.googleapis.com/oauth2/v3/token [omitted]
[debug] [2025-11-03T07:33:07.323Z] >>> [apiv2][query] GET https://firebase.googleapis.com/v1beta1/projects pageSize=100
[debug] [2025-11-03T07:33:08.322Z] <<< [apiv2][status] GET https://firebase.googleapis.com/v1beta1/projects 200
[debug] [2025-11-03T07:33:08.323Z] <<< [apiv2][body] GET https://firebase.googleapis.com/v1beta1/projects [omitted]
[info] 
=== Dataconnect Setup
[debug] [2025-11-03T07:33:27.172Z] Checked if tokens are valid: true, expires at: 1762158786309
[debug] [2025-11-03T07:33:27.172Z] Checked if tokens are valid: true, expires at: 1762158786309
[debug] [2025-11-03T07:33:27.172Z] >>> [apiv2][query] GET https://cloudbilling.googleapis.com/v1/projects/career-5033d/billingInfo [none]
[debug] [2025-11-03T07:33:28.493Z] <<< [apiv2][status] GET https://cloudbilling.googleapis.com/v1/projects/career-5033d/billingInfo 200
[debug] [2025-11-03T07:33:28.493Z] <<< [apiv2][body] GET https://cloudbilling.googleapis.com/v1/projects/career-5033d/billingInfo {"name":"projects/career-5033d/billingInfo","projectId":"career-5033d","billingAccountName":"","billingEnabled":false}
[info] i  dataconnect: ensuring required API firebasedataconnect.googleapis.com is enabled... 
[debug] [2025-11-03T07:33:28.495Z] Checked if tokens are valid: true, expires at: 1762158786309
[debug] [2025-11-03T07:33:28.495Z] Checked if tokens are valid: true, expires at: 1762158786309
[info] i  dataconnect: ensuring required API sqladmin.googleapis.com is enabled... 
[debug] [2025-11-03T07:33:28.496Z] Checked if tokens are valid: true, expires at: 1762158786309
[debug] [2025-11-03T07:33:28.497Z] Checked if tokens are valid: true, expires at: 1762158786309
[debug] [2025-11-03T07:33:28.497Z] >>> [apiv2][query] GET https://serviceusage.googleapis.com/v1/projects/career-5033d/services/firebasedataconnect.googleapis.com [none]
[debug] [2025-11-03T07:33:28.497Z] >>> [apiv2][(partial)header] GET https://serviceusage.googleapis.com/v1/projects/career-5033d/services/firebasedataconnect.googleapis.com x-goog-quota-user=projects/career-5033d
[debug] [2025-11-03T07:33:28.500Z] >>> [apiv2][query] GET https://serviceusage.googleapis.com/v1/projects/career-5033d/services/sqladmin.googleapis.com [none]
[debug] [2025-11-03T07:33:28.500Z] >>> [apiv2][(partial)header] GET https://serviceusage.googleapis.com/v1/projects/career-5033d/services/sqladmin.googleapis.com x-goog-quota-user=projects/career-5033d
[debug] [2025-11-03T07:33:30.855Z] <<< [apiv2][status] GET https://serviceusage.googleapis.com/v1/projects/career-5033d/services/firebasedataconnect.googleapis.com 200
[debug] [2025-11-03T07:33:30.855Z] <<< [apiv2][body] GET https://serviceusage.googleapis.com/v1/projects/career-5033d/services/firebasedataconnect.googleapis.com [omitted]
[warn] !  dataconnect: missing required API firebasedataconnect.googleapis.com. Enabling now... 
[debug] [2025-11-03T07:33:30.857Z] Checked if tokens are valid: true, expires at: 1762158786309
[debug] [2025-11-03T07:33:30.857Z] Checked if tokens are valid: true, expires at: 1762158786309
[debug] [2025-11-03T07:33:30.857Z] >>> [apiv2][query] POST https://serviceusage.googleapis.com/v1/projects/career-5033d/services/firebasedataconnect.googleapis.com:enable [none]
[debug] [2025-11-03T07:33:30.858Z] >>> [apiv2][(partial)header] POST https://serviceusage.googleapis.com/v1/projects/career-5033d/services/firebasedataconnect.googleapis.com:enable x-goog-quota-user=projects/career-5033d
[debug] [2025-11-03T07:33:30.862Z] <<< [apiv2][status] GET https://serviceusage.googleapis.com/v1/projects/career-5033d/services/sqladmin.googleapis.com 200
[debug] [2025-11-03T07:33:30.862Z] <<< [apiv2][body] GET https://serviceusage.googleapis.com/v1/projects/career-5033d/services/sqladmin.googleapis.com [omitted]
[warn] !  dataconnect: missing required API sqladmin.googleapis.com. Enabling now... 
[debug] [2025-11-03T07:33:30.863Z] Checked if tokens are valid: true, expires at: 1762158786309
[debug] [2025-11-03T07:33:30.863Z] Checked if tokens are valid: true, expires at: 1762158786309
[debug] [2025-11-03T07:33:30.864Z] >>> [apiv2][query] POST https://serviceusage.googleapis.com/v1/projects/career-5033d/services/sqladmin.googleapis.com:enable [none]
[debug] [2025-11-03T07:33:30.864Z] >>> [apiv2][(partial)header] POST https://serviceusage.googleapis.com/v1/projects/career-5033d/services/sqladmin.googleapis.com:enable x-goog-quota-user=projects/career-5033d
[debug] [2025-11-03T07:33:31.882Z] <<< [apiv2][status] POST https://serviceusage.googleapis.com/v1/projects/career-5033d/services/sqladmin.googleapis.com:enable 200
[debug] [2025-11-03T07:33:31.882Z] <<< [apiv2][body] POST https://serviceusage.googleapis.com/v1/projects/career-5033d/services/sqladmin.googleapis.com:enable [omitted]
[debug] [2025-11-03T07:33:31.892Z] <<< [apiv2][status] POST https://serviceusage.googleapis.com/v1/projects/career-5033d/services/firebasedataconnect.googleapis.com:enable 200
[debug] [2025-11-03T07:33:31.892Z] <<< [apiv2][body] POST https://serviceusage.googleapis.com/v1/projects/career-5033d/services/firebasedataconnect.googleapis.com:enable [omitted]
[debug] [2025-11-03T07:33:41.910Z] Checked if tokens are valid: true, expires at: 1762158786309
[debug] [2025-11-03T07:33:41.910Z] Checked if tokens are valid: true, expires at: 1762158786309
[debug] [2025-11-03T07:33:41.911Z] >>> [apiv2][query] GET https://firebasedataconnect.googleapis.com/v1/projects/career-5033d/locations/-/services [none]
[debug] [2025-11-03T07:33:44.468Z] <<< [apiv2][status] GET https://firebasedataconnect.googleapis.com/v1/projects/career-5033d/locations/-/services 200
[debug] [2025-11-03T07:33:44.469Z] <<< [apiv2][body] GET https://firebasedataconnect.googleapis.com/v1/projects/career-5033d/locations/-/services {}
[debug] [2025-11-03T07:33:57.694Z] ExitPromptError: User force closed the prompt with SIGINT
    at Interface.sigint (C:\Users\User\AppData\Roaming\npm\node_modules\firebase-tools\node_modules\@inquirer\core\dist\commonjs\lib\create-prompt.js:101:37)
    at Interface.emit (node:events:519:28)
    at Interface.emit (node:domain:489:12)
    at [_ttyWrite] [as _ttyWrite] (node:internal/readline/interface:1128:18)
    at ReadStream.onkeypress (node:internal/readline/interface:271:20)
    at ReadStream.emit (node:events:531:35)
    at ReadStream.emit (node:domain:489:12)
    at emitKeys (node:internal/readline/utils:370:14)
    at emitKeys.next (<anonymous>)
    at ReadStream.onData (node:internal/readline/emitKeypressEvents:64:36)
[error] 
[error] Error: An unexpected error has occurred.
[debug] [2025-11-03T07:34:33.324Z] ----------------------------------------------------------------------
[debug] [2025-11-03T07:34:33.336Z] Command:       C:\Program Files\nodejs\node.exe C:\Users\User\AppData\Roaming\npm\node_modules\firebase-tools\lib\bin\firebase.js init
[debug] [2025-11-03T07:34:33.339Z] CLI Version:   14.23.0
[debug] [2025-11-03T07:34:33.340Z] Platform:      win32
[debug] [2025-11-03T07:34:33.340Z] Node Version:  v22.20.0
[debug] [2025-11-03T07:34:33.342Z] Time:          Mon Nov 03 2025 09:34:33 GMT+0200 (South Africa Standard Time)
[debug] [2025-11-03T07:34:33.342Z] ----------------------------------------------------------------------
[debug] 
[info] 
     ######## #### ########  ######## ########     ###     ######  ########
     ##        ##  ##     ## ##       ##     ##  ##   ##  ##       ##
     ######    ##  ########  ######   ########  #########  ######  ######
     ##        ##  ##    ##  ##       ##     ## ##     ##       ## ##
     ##       #### ##     ## ######## ########  ##     ##  ######  ########

You're about to initialize a Firebase project in this directory:

  C:\Users\User\Desktop\Lab test 2

[info] 
=== Project Setup
[info] 
[info] First, let's associate this project directory with a Firebase project.
[info] You can create multiple project aliases by running firebase use --add, 
[info] 
[debug] [2025-11-03T07:34:40.699Z] > command requires scopes: ["email","openid","https://www.googleapis.com/auth/cloudplatformprojects.readonly","https://www.googleapis.com/auth/firebase","https://www.googleapis.com/auth/cloud-platform"]
[debug] [2025-11-03T07:34:40.700Z] > authorizing via signed-in user (koloitumo2@gmail.com)
[debug] [2025-11-03T07:34:40.702Z] Checked if tokens are valid: true, expires at: 1762158786309
[debug] [2025-11-03T07:34:40.702Z] Checked if tokens are valid: true, expires at: 1762158786309
[debug] [2025-11-03T07:34:40.705Z] >>> [apiv2][query] GET https://firebase.googleapis.com/v1beta1/projects/career-5033d [none]
[debug] [2025-11-03T07:34:41.624Z] <<< [apiv2][status] GET https://firebase.googleapis.com/v1beta1/projects/career-5033d 200
[debug] [2025-11-03T07:34:41.624Z] <<< [apiv2][body] GET https://firebase.googleapis.com/v1beta1/projects/career-5033d {"projectId":"career-5033d","projectNumber":"516680957353","displayName":"career","name":"projects/career-5033d","resources":{"hostingSite":"career-5033d"},"state":"ACTIVE","etag":"1_a110a3d3-b886-4839-be76-4737abc81632"}
[info] i  Using project career-5033d (career) . 
[info] 
=== Dataconnect Setup
[debug] [2025-11-03T07:34:41.644Z] Checked if tokens are valid: true, expires at: 1762158786309
[debug] [2025-11-03T07:34:41.644Z] Checked if tokens are valid: true, expires at: 1762158786309
[debug] [2025-11-03T07:34:41.645Z] >>> [apiv2][query] GET https://cloudbilling.googleapis.com/v1/projects/career-5033d/billingInfo [none]
[debug] [2025-11-03T07:34:42.937Z] <<< [apiv2][status] GET https://cloudbilling.googleapis.com/v1/projects/career-5033d/billingInfo 200
[debug] [2025-11-03T07:34:42.938Z] <<< [apiv2][body] GET https://cloudbilling.googleapis.com/v1/projects/career-5033d/billingInfo {"name":"projects/career-5033d/billingInfo","projectId":"career-5033d","billingAccountName":"","billingEnabled":false}
[info] i  dataconnect: ensuring required API firebasedataconnect.googleapis.com is enabled... 
[info] i  dataconnect: ensuring required API sqladmin.googleapis.com is enabled... 
[debug] [2025-11-03T07:34:42.942Z] Checked if tokens are valid: true, expires at: 1762158786309
[debug] [2025-11-03T07:34:42.942Z] Checked if tokens are valid: true, expires at: 1762158786309
[debug] [2025-11-03T07:34:42.942Z] >>> [apiv2][query] GET https://firebasedataconnect.googleapis.com/v1/projects/career-5033d/locations/-/services [none]
[debug] [2025-11-03T07:34:45.083Z] <<< [apiv2][status] GET https://firebasedataconnect.googleapis.com/v1/projects/career-5033d/locations/-/services 200
[debug] [2025-11-03T07:34:45.083Z] <<< [apiv2][body] GET https://firebasedataconnect.googleapis.com/v1/projects/career-5033d/locations/-/services {}
[info] i  : ensuring required API cloudaicompanion.googleapis.com is enabled... 
[debug] [2025-11-03T07:38:36.024Z] Checked if tokens are valid: true, expires at: 1762158786309
[debug] [2025-11-03T07:38:36.025Z] Checked if tokens are valid: true, expires at: 1762158786309
[debug] [2025-11-03T07:38:36.025Z] >>> [apiv2][query] GET https://serviceusage.googleapis.com/v1/projects/career-5033d/services/cloudaicompanion.googleapis.com [none]
[debug] [2025-11-03T07:38:36.025Z] >>> [apiv2][(partial)header] GET https://serviceusage.googleapis.com/v1/projects/career-5033d/services/cloudaicompanion.googleapis.com x-goog-quota-user=projects/career-5033d
[debug] [2025-11-03T07:38:38.289Z] <<< [apiv2][status] GET https://serviceusage.googleapis.com/v1/projects/career-5033d/services/cloudaicompanion.googleapis.com 200
[debug] [2025-11-03T07:38:38.289Z] <<< [apiv2][body] GET https://serviceusage.googleapis.com/v1/projects/career-5033d/services/cloudaicompanion.googleapis.com [omitted]
[info] +  : required API cloudaicompanion.googleapis.com is enabled 
[debug] [2025-11-03T07:44:57.452Z] Checked if tokens are valid: true, expires at: 1762158786309
[debug] [2025-11-03T07:44:57.452Z] Checked if tokens are valid: true, expires at: 1762158786309
[debug] [2025-11-03T07:44:57.452Z] >>> [apiv2][query] GET https://firebasedataconnect.googleapis.com/v1/projects/career-5033d/locations [none]
[debug] [2025-11-03T07:44:59.724Z] <<< [apiv2][status] GET https://firebasedataconnect.googleapis.com/v1/projects/career-5033d/locations 200
[debug] [2025-11-03T07:44:59.724Z] <<< [apiv2][body] GET https://firebasedataconnect.googleapis.com/v1/projects/career-5033d/locations {"locations":[{"name":"projects/career-5033d/locations/asia-east1","locationId":"asia-east1","displayName":"Taiwan"},{"name":"projects/career-5033d/locations/asia-east2","locationId":"asia-east2","displayName":"Hong Kong"},{"name":"projects/career-5033d/locations/asia-northeast1","locationId":"asia-northeast1","displayName":"Tokyo"},{"name":"projects/career-5033d/locations/asia-northeast2","locationId":"asia-northeast2","displayName":"Osaka"},{"name":"projects/career-5033d/locations/asia-northeast3","locationId":"asia-northeast3","displayName":"Seoul"},{"name":"projects/career-5033d/locations/asia-south1","locationId":"asia-south1","displayName":"Mumbai"},{"name":"projects/career-5033d/locations/asia-southeast1","locationId":"asia-southeast1","displayName":"Singapore"},{"name":"projects/career-5033d/locations/asia-southeast2","locationId":"asia-southeast2","displayName":"Jakarta"},{"name":"projects/career-5033d/locations/australia-southeast1","locationId":"australia-southeast1","displayName":"Sydney"},{"name":"projects/career-5033d/locations/australia-southeast2","locationId":"australia-southeast2","displayName":"Melbourne"},{"name":"projects/career-5033d/locations/europe-central2","locationId":"europe-central2","displayName":"Warsaw"},{"name":"projects/career-5033d/locations/europe-north1","locationId":"europe-north1","displayName":"Finland"},{"name":"projects/career-5033d/locations/europe-southwest1","locationId":"europe-southwest1","displayName":"Madrid"},{"name":"projects/career-5033d/locations/europe-west1","locationId":"europe-west1","displayName":"Belgium"},{"name":"projects/career-5033d/locations/europe-west2","locationId":"europe-west2","displayName":"London"},{"name":"projects/career-5033d/locations/europe-west3","locationId":"europe-west3","displayName":"Frankfurt"},{"name":"projects/career-5033d/locations/europe-west4","locationId":"europe-west4","displayName":"Netherlands"},{"name":"projects/career-5033d/locations/europe-west6","locationId":"europe-west6","displayName":"Zurich"},{"name":"projects/career-5033d/locations/europe-west8","locationId":"europe-west8","displayName":"Milan"},{"name":"projects/career-5033d/locations/europe-west9","locationId":"europe-west9","displayName":"Paris"},{"name":"projects/career-5033d/locations/me-west1","locationId":"me-west1","displayName":"Tel Aviv"},{"name":"projects/career-5033d/locations/northamerica-northeast1","locationId":"northamerica-northeast1","displayName":"Montréal"},{"name":"projects/career-5033d/locations/northamerica-northeast2","locationId":"northamerica-northeast2","displayName":"Toronto"},{"name":"projects/career-5033d/locations/southamerica-east1","locationId":"southamerica-east1","displayName":"São Paulo"},{"name":"projects/career-5033d/locations/southamerica-west1","locationId":"southamerica-west1","displayName":"Santiago"},{"name":"projects/career-5033d/locations/us-central1","locationId":"us-central1","displayName":"Iowa"},{"name":"projects/career-5033d/locations/us-east1","locationId":"us-east1","displayName":"South Carolina"},{"name":"projects/career-5033d/locations/us-east4","locationId":"us-east4","displayName":"Northern Virginia"},{"name":"projects/career-5033d/locations/us-south1","locationId":"us-south1","displayName":"Dallas"},{"name":"projects/career-5033d/locations/us-west1","locationId":"us-west1","displayName":"Oregon"},{"name":"projects/career-5033d/locations/us-west2","locationId":"us-west2","displayName":"Los Angeles"},{"name":"projects/career-5033d/locations/us-west3","locationId":"us-west3","displayName":"Salt Lake City"},{"name":"projects/career-5033d/locations/us-west4","locationId":"us-west4","displayName":"Las Vegas"}]}
[info] +  dataconnect: Detected existing apps Lab test 2\movie-review-platform\frontend (web), Lab test 2\movie-review-platform\backend (web) 
[debug] [2025-11-03T07:49:30.636Z] Checked if tokens are valid: true, expires at: 1762158786309
[debug] [2025-11-03T07:49:30.636Z] Checked if tokens are valid: true, expires at: 1762158786309
[debug] [2025-11-03T07:49:30.636Z] >>> [apiv2][query] POST https://firebasedataconnect.googleapis.com/v1/projects/career-5033d/locations/us-west1/services service_id=labtest2
[debug] [2025-11-03T07:49:30.636Z] >>> [apiv2][body] POST https://firebasedataconnect.googleapis.com/v1/projects/career-5033d/locations/us-west1/services {"name":"projects/career-5033d/locations/us-west1/services/labtest2"}
[debug] [2025-11-03T07:49:33.814Z] <<< [apiv2][status] POST https://firebasedataconnect.googleapis.com/v1/projects/career-5033d/locations/us-west1/services 200
[debug] [2025-11-03T07:49:33.814Z] <<< [apiv2][body] POST https://firebasedataconnect.googleapis.com/v1/projects/career-5033d/locations/us-west1/services {"name":"projects/career-5033d/locations/us-west1/operations/operation-1762156172519-642abf4b3a998-d884b001-ab2c6d05","metadata":{"@type":"type.googleapis.com/google.firebase.dataconnect.v1.OperationMetadata","createTime":"2025-11-03T07:49:33.603375377Z","target":"projects/career-5033d/locations/us-west1/services/labtest2","verb":"create","requestedCancellation":false,"apiVersion":"v1"},"done":false}
[debug] [2025-11-03T07:49:33.815Z] Checked if tokens are valid: true, expires at: 1762158786309
[debug] [2025-11-03T07:49:33.815Z] Checked if tokens are valid: true, expires at: 1762158786309
[debug] [2025-11-03T07:49:33.816Z] >>> [apiv2][query] GET https://firebasedataconnect.googleapis.com/v1/projects/career-5033d/locations/us-west1/operations/operation-1762156172519-642abf4b3a998-d884b001-ab2c6d05 [none]
[debug] [2025-11-03T07:49:34.191Z] <<< [apiv2][status] GET https://firebasedataconnect.googleapis.com/v1/projects/career-5033d/locations/us-west1/operations/operation-1762156172519-642abf4b3a998-d884b001-ab2c6d05 200
[debug] [2025-11-03T07:49:34.191Z] <<< [apiv2][body] GET https://firebasedataconnect.googleapis.com/v1/projects/career-5033d/locations/us-west1/operations/operation-1762156172519-642abf4b3a998-d884b001-ab2c6d05 {"name":"projects/career-5033d/locations/us-west1/operations/operation-1762156172519-642abf4b3a998-d884b001-ab2c6d05","metadata":{"@type":"type.googleapis.com/google.firebase.dataconnect.v1.OperationMetadata","createTime":"2025-11-03T07:49:33.603375377Z","target":"projects/career-5033d/locations/us-west1/services/labtest2","verb":"create","requestedCancellation":false,"apiVersion":"v1"},"done":false}
[debug] [2025-11-03T07:49:34.699Z] [LRO Poller] Retrying task index 0
[debug] [2025-11-03T07:49:34.700Z] Checked if tokens are valid: true, expires at: 1762158786309
[debug] [2025-11-03T07:49:34.700Z] Checked if tokens are valid: true, expires at: 1762158786309
[debug] [2025-11-03T07:49:34.700Z] >>> [apiv2][query] GET https://firebasedataconnect.googleapis.com/v1/projects/career-5033d/locations/us-west1/operations/operation-1762156172519-642abf4b3a998-d884b001-ab2c6d05 [none]
[debug] [2025-11-03T07:49:35.084Z] <<< [apiv2][status] GET https://firebasedataconnect.googleapis.com/v1/projects/career-5033d/locations/us-west1/operations/operation-1762156172519-642abf4b3a998-d884b001-ab2c6d05 200
[debug] [2025-11-03T07:49:35.085Z] <<< [apiv2][body] GET https://firebasedataconnect.googleapis.com/v1/projects/career-5033d/locations/us-west1/operations/operation-1762156172519-642abf4b3a998-d884b001-ab2c6d05 {"name":"projects/career-5033d/locations/us-west1/operations/operation-1762156172519-642abf4b3a998-d884b001-ab2c6d05","metadata":{"@type":"type.googleapis.com/google.firebase.dataconnect.v1.OperationMetadata","createTime":"2025-11-03T07:49:33.603375377Z","target":"projects/career-5033d/locations/us-west1/services/labtest2","verb":"create","requestedCancellation":false,"apiVersion":"v1"},"done":false}
[debug] [2025-11-03T07:49:36.094Z] [LRO Poller] Retrying task index 0
[debug] [2025-11-03T07:49:36.094Z] Checked if tokens are valid: true, expires at: 1762158786309
[debug] [2025-11-03T07:49:36.094Z] Checked if tokens are valid: true, expires at: 1762158786309
[debug] [2025-11-03T07:49:36.095Z] >>> [apiv2][query] GET https://firebasedataconnect.googleapis.com/v1/projects/career-5033d/locations/us-west1/operations/operation-1762156172519-642abf4b3a998-d884b001-ab2c6d05 [none]
[debug] [2025-11-03T07:49:36.497Z] <<< [apiv2][status] GET https://firebasedataconnect.googleapis.com/v1/projects/career-5033d/locations/us-west1/operations/operation-1762156172519-642abf4b3a998-d884b001-ab2c6d05 200
[debug] [2025-11-03T07:49:36.497Z] <<< [apiv2][body] GET https://firebasedataconnect.googleapis.com/v1/projects/career-5033d/locations/us-west1/operations/operation-1762156172519-642abf4b3a998-d884b001-ab2c6d05 {"name":"projects/career-5033d/locations/us-west1/operations/operation-1762156172519-642abf4b3a998-d884b001-ab2c6d05","metadata":{"@type":"type.googleapis.com/google.firebase.dataconnect.v1.OperationMetadata","createTime":"2025-11-03T07:49:33.603375377Z","endTime":"2025-11-03T07:49:34.856021107Z","target":"projects/career-5033d/locations/us-west1/services/labtest2","verb":"create","requestedCancellation":false,"apiVersion":"v1"},"done":true,"response":{"@type":"type.googleapis.com/google.firebase.dataconnect.v1.Service","name":"projects/career-5033d/locations/us-west1/services/labtest2","createTime":"2025-11-03T07:49:33.598577746Z","updateTime":"2025-11-03T07:49:33.598577746Z","uid":"b6cc55e8-6fe0-4e41-b7af-d03591e6a7b2","reconciling":false,"etag":"0OsmWh7-DQw7JwwOkswwRtjXiUODVnrCMyOvzZXTuZ4"}}
[debug] [2025-11-03T07:49:36.502Z] Checked if tokens are valid: true, expires at: 1762158786309
[debug] [2025-11-03T07:49:36.502Z] Checked if tokens are valid: true, expires at: 1762158786309
[debug] [2025-11-03T07:49:36.502Z] >>> [apiv2][query] POST https://cloudaicompanion.googleapis.com/v1beta/projects/career-5033d/locations/global/instances/default:completeTask [none]
[debug] [2025-11-03T07:49:36.502Z] >>> [apiv2][body] POST https://cloudaicompanion.googleapis.com/v1beta/projects/career-5033d/locations/global/instances/default:completeTask {"input":{"messages":[{"content":"1:680403140159:web:82cf05b5fafc484032428a","author":"USER"}]},"experienceContext":{"experience":"/appeco/firebase/fdc-schema-generator"}}
[debug] [2025-11-03T07:49:42.962Z] <<< [apiv2][status] POST https://cloudaicompanion.googleapis.com/v1beta/projects/career-5033d/locations/global/instances/default:completeTask 200
[debug] [2025-11-03T07:49:42.962Z] <<< [apiv2][body] POST https://cloudaicompanion.googleapis.com/v1beta/projects/career-5033d/locations/global/instances/default:completeTask {"output":{"messages":[{"content":"```graphql\ntype User @table {\n  displayName: String!\n  createdAt: Timestamp!\n  email: String\n  photoUrl: String\n}\n\ntype Movie @table {\n  title: String!\n  year: Int!\n  createdAt: Timestamp!\n  summary: String\n  genres: [String]\n  runtime: Int\n}\n\ntype Watch @table {\n  user: User!\n  movie: Movie!\n  createdAt: Timestamp!\n  watchDate: Date!\n  location: String\n}\n\ntype Review @table {\n  movie: Movie!\n  user: User!\n  watch: Watch!\n  rating: Int!\n  createdAt: Timestamp!\n  updatedAt: Timestamp!\n  review: String\n}\n\ntype List @table {\n  user: User!\n  name: String!\n  public: Boolean!\n  createdAt: Timestamp!\n  updatedAt: Timestamp!\n  description: String\n}\n\ntype ListMovie @table(key: [\"list\", \"movie\"]) {\n  list: List!\n  movie: Movie!\n  position: Int!\n  note: String\n}\n```\n"}]},"displayContext":{"additionalContext":{"@type":"type.googleapis.com/google.cloud.cloudaicompanion.v1main.FirebaseChatDisplayContext","firebaseFdcDisplayContext":{"schemaSyntaxError":""}}}}
[debug] [2025-11-03T07:49:42.963Z] Checked if tokens are valid: true, expires at: 1762158786309
[debug] [2025-11-03T07:49:42.964Z] Checked if tokens are valid: true, expires at: 1762158786309
[debug] [2025-11-03T07:49:42.964Z] >>> [apiv2][query] PATCH https://firebasedataconnect.googleapis.com/v1/projects/career-5033d/locations/us-west1/services/labtest2/schemas/main allowMissing=true&validateOnly=false
[debug] [2025-11-03T07:49:42.964Z] >>> [apiv2][body] PATCH https://firebasedataconnect.googleapis.com/v1/projects/career-5033d/locations/us-west1/services/labtest2/schemas/main {"name":"projects/career-5033d/locations/us-west1/services/labtest2/schemas/main","datasources":[{"postgresql":{}}],"source":{"files":[{"path":"schema.gql","content":"type User @table {\n  displayName: String!\n  createdAt: Timestamp!\n  email: String\n  photoUrl: String\n}\n\ntype Movie @table {\n  title: String!\n  year: Int!\n  createdAt: Timestamp!\n  summary: String\n  genres: [String]\n  runtime: Int\n}\n\ntype Watch @table {\n  user: User!\n  movie: Movie!\n  createdAt: Timestamp!\n  watchDate: Date!\n  location: String\n}\n\ntype Review @table {\n  movie: Movie!\n  user: User!\n  watch: Watch!\n  rating: Int!\n  createdAt: Timestamp!\n  updatedAt: Timestamp!\n  review: String\n}\n\ntype List @table {\n  user: User!\n  name: String!\n  public: Boolean!\n  createdAt: Timestamp!\n  updatedAt: Timestamp!\n  description: String\n}\n\ntype ListMovie @table(key: [\"list\", \"movie\"]) {\n  list: List!\n  movie: Movie!\n  position: Int!\n  note: String\n}"}]}}
[debug] [2025-11-03T07:49:45.113Z] <<< [apiv2][status] PATCH https://firebasedataconnect.googleapis.com/v1/projects/career-5033d/locations/us-west1/services/labtest2/schemas/main 200
[debug] [2025-11-03T07:49:45.114Z] <<< [apiv2][body] PATCH https://firebasedataconnect.googleapis.com/v1/projects/career-5033d/locations/us-west1/services/labtest2/schemas/main {"name":"projects/career-5033d/locations/us-west1/operations/operation-1762156184818-642abf56f534c-a17ec7ed-5df46e3e","metadata":{"@type":"type.googleapis.com/google.firebase.dataconnect.v1.OperationMetadata","createTime":"2025-11-03T07:49:44.907676756Z","target":"projects/career-5033d/locations/us-west1/services/labtest2/schemas/main","verb":"update","requestedCancellation":false,"apiVersion":"v1"},"done":false}
[debug] [2025-11-03T07:49:45.114Z] Checked if tokens are valid: true, expires at: 1762158786309
[debug] [2025-11-03T07:49:45.114Z] Checked if tokens are valid: true, expires at: 1762158786309
[debug] [2025-11-03T07:49:45.115Z] >>> [apiv2][query] GET https://firebasedataconnect.googleapis.com/v1/projects/career-5033d/locations/us-west1/operations/operation-1762156184818-642abf56f534c-a17ec7ed-5df46e3e [none]
[debug] [2025-11-03T07:49:45.465Z] <<< [apiv2][status] GET https://firebasedataconnect.googleapis.com/v1/projects/career-5033d/locations/us-west1/operations/operation-1762156184818-642abf56f534c-a17ec7ed-5df46e3e 200
[debug] [2025-11-03T07:49:45.466Z] <<< [apiv2][body] GET https://firebasedataconnect.googleapis.com/v1/projects/career-5033d/locations/us-west1/operations/operation-1762156184818-642abf56f534c-a17ec7ed-5df46e3e {"name":"projects/career-5033d/locations/us-west1/operations/operation-1762156184818-642abf56f534c-a17ec7ed-5df46e3e","metadata":{"@type":"type.googleapis.com/google.firebase.dataconnect.v1.OperationMetadata","createTime":"2025-11-03T07:49:44.907676756Z","target":"projects/career-5033d/locations/us-west1/services/labtest2/schemas/main","verb":"update","requestedCancellation":false,"apiVersion":"v1"},"done":false}
[debug] [2025-11-03T07:49:45.971Z] [LRO Poller] Retrying task index 0
[debug] [2025-11-03T07:49:45.972Z] Checked if tokens are valid: true, expires at: 1762158786309
[debug] [2025-11-03T07:49:45.972Z] Checked if tokens are valid: true, expires at: 1762158786309
[debug] [2025-11-03T07:49:45.973Z] >>> [apiv2][query] GET https://firebasedataconnect.googleapis.com/v1/projects/career-5033d/locations/us-west1/operations/operation-1762156184818-642abf56f534c-a17ec7ed-5df46e3e [none]
[debug] [2025-11-03T07:49:46.330Z] <<< [apiv2][status] GET https://firebasedataconnect.googleapis.com/v1/projects/career-5033d/locations/us-west1/operations/operation-1762156184818-642abf56f534c-a17ec7ed-5df46e3e 200
[debug] [2025-11-03T07:49:46.330Z] <<< [apiv2][body] GET https://firebasedataconnect.googleapis.com/v1/projects/career-5033d/locations/us-west1/operations/operation-1762156184818-642abf56f534c-a17ec7ed-5df46e3e {"name":"projects/career-5033d/locations/us-west1/operations/operation-1762156184818-642abf56f534c-a17ec7ed-5df46e3e","metadata":{"@type":"type.googleapis.com/google.firebase.dataconnect.v1.OperationMetadata","createTime":"2025-11-03T07:49:44.907676756Z","endTime":"2025-11-03T07:49:45.255635883Z","target":"projects/career-5033d/locations/us-west1/services/labtest2/schemas/main","verb":"update","requestedCancellation":false,"apiVersion":"v1"},"done":true,"response":{"@type":"type.googleapis.com/google.firebase.dataconnect.v1.Schema","name":"projects/career-5033d/locations/us-west1/services/labtest2/schemas/main","createTime":"2025-11-03T07:49:44.900580899Z","updateTime":"2025-11-03T07:49:44.900580899Z","uid":"79a047c8-4b57-4548-8955-4536bf1daba5","reconciling":false,"etag":"yhy6Dzbl1f0kELW98asx-cHDXgaAg9X6z5Y_jRk9NTU"}}
[debug] [2025-11-03T07:49:46.332Z] Checked if tokens are valid: true, expires at: 1762158786309
[debug] [2025-11-03T07:49:46.332Z] Checked if tokens are valid: true, expires at: 1762158786309
[debug] [2025-11-03T07:49:46.332Z] Checked if tokens are valid: true, expires at: 1762158786309
[debug] [2025-11-03T07:49:46.332Z] Checked if tokens are valid: true, expires at: 1762158786309
[debug] [2025-11-03T07:49:46.333Z] >>> [apiv2][query] POST https://cloudaicompanion.googleapis.com/v1beta/projects/career-5033d/locations/global/instances/default:completeTask [none]
[debug] [2025-11-03T07:49:46.333Z] >>> [apiv2][body] POST https://cloudaicompanion.googleapis.com/v1beta/projects/career-5033d/locations/global/instances/default:completeTask {"input":{"messages":[{"content":"Create 4 operations for an app using the instance schema with proper authentication.","author":"USER"}]},"experienceContext":{"experience":"/appeco/firebase/fdc-query-generator"},"clientContext":{"additionalContext":{"@type":"type.googleapis.com/google.cloud.cloudaicompanion.v1main.FirebaseChatRequestContext","fdcInfo":{"fdcServiceName":"projects/career-5033d/locations/us-west1/services/labtest2","requiresQuery":true}}}}
[debug] [2025-11-03T07:49:46.333Z] >>> [apiv2][query] POST https://cloudaicompanion.googleapis.com/v1beta/projects/career-5033d/locations/global/instances/default:completeTask [none]
[debug] [2025-11-03T07:49:46.333Z] >>> [apiv2][body] POST https://cloudaicompanion.googleapis.com/v1beta/projects/career-5033d/locations/global/instances/default:completeTask {"input":{"messages":[{"content":"Create a mutation to populate the database with some seed data.","author":"USER"}]},"experienceContext":{"experience":"/appeco/firebase/fdc-query-generator"},"clientContext":{"additionalContext":{"@type":"type.googleapis.com/google.cloud.cloudaicompanion.v1main.FirebaseChatRequestContext","fdcInfo":{"fdcServiceName":"projects/career-5033d/locations/us-west1/services/labtest2","requiresQuery":true}}}}
[debug] [2025-11-03T07:49:50.051Z] <<< [apiv2][status] POST https://cloudaicompanion.googleapis.com/v1beta/projects/career-5033d/locations/global/instances/default:completeTask 200
[debug] [2025-11-03T07:49:50.051Z] <<< [apiv2][body] POST https://cloudaicompanion.googleapis.com/v1beta/projects/career-5033d/locations/global/instances/default:completeTask {"output":{"messages":[{"content":"```graphql\nmutation CreateNewList($name: String!, $description: String, $public: Boolean!) @auth(level: USER) {\n  list_insert(data: {\n    name: $name,\n    description: $description,\n    public: $public,\n    userId_expr: \"auth.uid\",\n    createdAt_expr: \"request.time\",\n    updatedAt_expr: \"request.time\"\n  })\n}\n\nquery GetPublicLists @auth(level: PUBLIC, insecureReason: \"This operation is safe to expose to the public\") {\n  lists(where: {public: {eq: true}}) {\n    id\n    name\n    description\n    createdAt\n    updatedAt\n  }\n}\n\nmutation AddMovieToList($listId: UUID!, $movieId: UUID!, $note: String, $position: Int!) @auth(level: USER) {\n  listMovie_insert(data: {\n    listId: $listId,\n    movieId: $movieId,\n    note: $note,\n    position: $position\n  })\n}\n\nmutation DeleteList($id: UUID!) @auth(level: USER) {\n  list_delete(key: {id: $id})\n}\n```","author":"model"}]},"outputDataContext":{"additionalContext":{"@type":"type.googleapis.com/google.cloud.cloudaicompanion.v1main.ChatOutputDataContext","relatedContent":{}}},"attributionContext":{"citationMetadata":{}}}
[debug] [2025-11-03T07:49:55.802Z] <<< [apiv2][status] POST https://cloudaicompanion.googleapis.com/v1beta/projects/career-5033d/locations/global/instances/default:completeTask 200
[debug] [2025-11-03T07:49:55.802Z] <<< [apiv2][body] POST https://cloudaicompanion.googleapis.com/v1beta/projects/career-5033d/locations/global/instances/default:completeTask {"output":{"messages":[{"content":"```graphql\nmutation CreateSeedData @transaction @auth(level: PUBLIC, insecureReason: \"This operation is safe to expose to the public\") {\n  user_insertMany(data: [\n    {\n      id: \"550e8400-e29b-41d4-a716-446655440000\",\n      displayName: \"demouser1\",\n      createdAt: \"2024-04-04T00:00:00Z\"\n    },\n    {\n      id: \"550e8400-e29b-41d4-a716-446655440001\",\n      displayName: \"demouser2\",\n      createdAt: \"2024-04-04T00:00:00Z\"\n    }\n  ])\n  movie_insertMany(data: [\n    {\n      id: \"550e8400-e29b-41d4-a716-446655440002\",\n      title: \"Inception\",\n      year: 2010,\n      createdAt: \"2024-04-04T00:00:00Z\"\n    },\n    {\n      id: \"550e8400-e29b-41d4-a716-446655440003\",\n      title: \"The Matrix\",\n      year: 1999,\n      createdAt: \"2024-04-04T00:00:00Z\"\n    }\n  ])\n  watch_insertMany(data: [\n    {\n      id: \"550e8400-e29b-41d4-a716-446655440004\",\n      movieId: \"550e8400-e29b-41d4-a716-446655440002\",\n      userId: \"550e8400-e29b-41d4-a716-446655440000\",\n      watchDate: \"2024-04-04\",\n      createdAt: \"2024-04-04T00:00:00Z\"\n    },\n    {\n      id: \"550e8400-e29b-41d4-a716-446655440005\",\n      movieId: \"550e8400-e29b-41d4-a716-446655440003\",\n      userId: \"550e8400-e29b-41d4-a716-446655440001\",\n      watchDate: \"2024-04-04\",\n      createdAt: \"2024-04-04T00:00:00Z\"\n    }\n  ])\n  review_insertMany(data: [\n    {\n      id: \"550e8400-e29b-41d4-a716-446655440006\",\n      movieId: \"550e8400-e29b-41d4-a716-446655440002\",\n      userId: \"550e8400-e29b-41d4-a716-446655440000\",\n      watchId: \"550e8400-e29b-41d4-a716-446655440004\",\n      rating: 5,\n      createdAt: \"2024-04-04T00:00:00Z\"\n    },\n    {\n      id: \"550e8400-e29b-41d4-a716-446655440007\",\n      movieId: \"550e8400-e29b-41d4-a716-446655440003\",\n      userId: \"550e8400-e29b-41d4-a716-446655440001\",\n      watchId: \"550e8400-e29b-41d4-a716-446655440005\",\n      rating: 4,\n      createdAt: \"2024-04-04T00:00:00Z\"\n    }\n  ])\n  list_insertMany(data: [\n    {\n      id: \"550e8400-e29b-41d4-a716-446655440008\",\n      userId: \"550e8400-e29b-41d4-a716-446655440000\",\n      name: \"My Favorite Movies\",\n      public: true,\n      createdAt: \"2024-04-04T00:00:00Z\",\n      updatedAt: \"2024-04-04T00:00:00Z\"\n    }\n  ])\n  listMovie_insertMany(data: [\n    {\n      listId: \"550e8400-e29b-41d4-a716-446655440008\",\n      movieId: \"550e8400-e29b-41d4-a716-446655440002\",\n      position: 1\n    },\n    {\n      listId: \"550e8400-e29b-41d4-a716-446655440008\",\n      movieId: \"550e8400-e29b-41d4-a716-446655440003\",\n      position: 2\n    }\n  ])\n}\n```","author":"model"}]},"outputDataContext":{"additionalContext":{"@type":"type.googleapis.com/google.cloud.cloudaicompanion.v1main.ChatOutputDataContext","relatedContent":{}}},"attributionContext":{"citationMetadata":{}}}
[info] +  Wrote dataconnect\dataconnect.yaml 
[info] +  Wrote dataconnect\seed_data.gql 
[info] +  Wrote dataconnect\schema\schema.gql 
[info] +  Wrote dataconnect\example\connector.yaml 
[info] +  Wrote dataconnect\example\queries.gql 
[info] +  Wrote dataconnect\example\connector.yaml 
[info] i  dataconnect: Installing the generated SDKs ... 
[info] i  dataconnect: downloading dataconnect-emulator-2.16.0.exe... {"metadata":{"emulator":{"name":"dataconnect"},"message":"downloading dataconnect-emulator-2.16.0.exe..."}}
[debug] [2025-11-03T07:49:55.861Z] >>> [apiv2][query] GET https://storage.googleapis.com/firemat-preview-drop/emulator/dataconnect-emulator-windows-amd64-v2.16.0 
[debug] [2025-11-03T07:49:56.872Z] <<< [apiv2][status] GET https://storage.googleapis.com/firemat-preview-drop/emulator/dataconnect-emulator-windows-amd64-v2.16.0 200
[debug] [2025-11-03T07:49:56.872Z] <<< [apiv2][body] GET https://storage.googleapis.com/firemat-preview-drop/emulator/dataconnect-emulator-windows-amd64-v2.16.0 [stream]
[debug] [2025-11-03T07:50:27.806Z] defaultcredentials: writing to file C:\Users\User\AppData\Roaming\firebase\koloitumo2_gmail_com_application_default_credentials.json
[info] +  dataconnect: Installed generated SDKs for Lab test 2\movie-review-platform\frontend (web), Lab test 2\movie-review-platform\backend (web) 
[info] i  Visit https://firebase.google.com/docs/data-connect/web-sdk#react for more information on how to set up React Generated SDKs for Firebase Data Connect 
[info] 
=== Firestore Setup
[info] i  firestore: ensuring required API firestore.googleapis.com is enabled... 
[debug] [2025-11-03T07:51:02.515Z] Checked if tokens are valid: true, expires at: 1762158786309
[debug] [2025-11-03T07:51:02.515Z] Checked if tokens are valid: true, expires at: 1762158786309
[debug] [2025-11-03T07:51:02.515Z] >>> [apiv2][query] GET https://serviceusage.googleapis.com/v1/projects/career-5033d/services/firestore.googleapis.com [none]
[debug] [2025-11-03T07:51:02.515Z] >>> [apiv2][(partial)header] GET https://serviceusage.googleapis.com/v1/projects/career-5033d/services/firestore.googleapis.com x-goog-quota-user=projects/career-5033d
[debug] [2025-11-03T07:51:04.925Z] <<< [apiv2][status] GET https://serviceusage.googleapis.com/v1/projects/career-5033d/services/firestore.googleapis.com 200
[debug] [2025-11-03T07:51:04.926Z] <<< [apiv2][body] GET https://serviceusage.googleapis.com/v1/projects/career-5033d/services/firestore.googleapis.com [omitted]
[info] +  firestore: required API firestore.googleapis.com is enabled 
[debug] [2025-11-03T07:51:04.932Z] Checked if tokens are valid: true, expires at: 1762158786309
[debug] [2025-11-03T07:51:04.933Z] Checked if tokens are valid: true, expires at: 1762158786309
[debug] [2025-11-03T07:51:04.933Z] >>> [apiv2][query] GET https://firestore.googleapis.com/v1/projects/career-5033d/databases [none]
[debug] [2025-11-03T07:51:06.495Z] <<< [apiv2][status] GET https://firestore.googleapis.com/v1/projects/career-5033d/databases 200
[debug] [2025-11-03T07:51:06.495Z] <<< [apiv2][body] GET https://firestore.googleapis.com/v1/projects/career-5033d/databases {"databases":[{"name":"projects/career-5033d/databases/(default)","uid":"d01bd399-7d5d-49df-91b7-953d2d8b5704","createTime":"2025-10-28T10:41:05.528995Z","updateTime":"2025-10-28T10:41:05.528995Z","locationId":"nam5","type":"FIRESTORE_NATIVE","concurrencyMode":"PESSIMISTIC","versionRetentionPeriod":"3600s","earliestVersionTime":"2025-11-03T06:51:06.429712Z","appEngineIntegrationMode":"DISABLED","keyPrefix":"s","pointInTimeRecoveryEnablement":"POINT_IN_TIME_RECOVERY_DISABLED","deleteProtectionState":"DELETE_PROTECTION_DISABLED","databaseEdition":"STANDARD","freeTier":true,"realtimeUpdatesMode":"REALTIME_UPDATES_MODE_ENABLED","etag":"IOiHnNK/1ZADMPyw36y/1ZAD"}]}
[info] 
[info] Firestore Security Rules allow you to define how and when to allow
[info] requests. You can keep these rules in your project directory
[info] and publish them with firebase deploy.
[info] 
[debug] [2025-11-03T07:52:21.949Z] Checked if tokens are valid: true, expires at: 1762158786309
[debug] [2025-11-03T07:52:21.949Z] Checked if tokens are valid: true, expires at: 1762158786309
[debug] [2025-11-03T07:52:21.949Z] >>> [apiv2][query] GET https://firebaserules.googleapis.com/v1/projects/career-5033d/releases pageSize=10&pageToken=
[debug] [2025-11-03T07:52:22.906Z] <<< [apiv2][status] GET https://firebaserules.googleapis.com/v1/projects/career-5033d/releases 200
[debug] [2025-11-03T07:52:22.906Z] <<< [apiv2][body] GET https://firebaserules.googleapis.com/v1/projects/career-5033d/releases {"releases":[{"name":"projects/career-5033d/releases/cloud.firestore","rulesetName":"projects/career-5033d/rulesets/0174528e-dbeb-4ffc-961c-6d44dee57116","createTime":"2025-10-28T10:41:16.914770Z","updateTime":"2025-10-28T10:41:16.914770Z"}]}
[debug] [2025-11-03T07:52:22.906Z] Checked if tokens are valid: true, expires at: 1762158786309
[debug] [2025-11-03T07:52:22.906Z] Checked if tokens are valid: true, expires at: 1762158786309
[debug] [2025-11-03T07:52:22.906Z] >>> [apiv2][query] GET https://firebaserules.googleapis.com/v1/projects/career-5033d/rulesets/0174528e-dbeb-4ffc-961c-6d44dee57116 [none]
[debug] [2025-11-03T07:52:23.736Z] <<< [apiv2][status] GET https://firebaserules.googleapis.com/v1/projects/career-5033d/rulesets/0174528e-dbeb-4ffc-961c-6d44dee57116 200
[debug] [2025-11-03T07:52:23.736Z] <<< [apiv2][body] GET https://firebaserules.googleapis.com/v1/projects/career-5033d/rulesets/0174528e-dbeb-4ffc-961c-6d44dee57116 [omitted]
[info] i  Downloaded the existing Firestore Security Rules from the Firebase console 
[info] 
[info] Firestore indexes allow you to perform complex queries while
[info] maintaining performance that scales with the size of the result
[info] set. You can keep index definitions in your project directory
[info] and publish them with firebase deploy.
[info] 
[debug] [2025-11-03T07:52:31.753Z] Checked if tokens are valid: true, expires at: 1762158786309
[debug] [2025-11-03T07:52:31.754Z] Checked if tokens are valid: true, expires at: 1762158786309
[debug] [2025-11-03T07:52:31.754Z] Checked if tokens are valid: true, expires at: 1762158786309
[debug] [2025-11-03T07:52:31.754Z] Checked if tokens are valid: true, expires at: 1762158786309
[debug] [2025-11-03T07:52:31.754Z] >>> [apiv2][query] GET https://firestore.googleapis.com/v1/projects/career-5033d/databases/(default)/collectionGroups/-/indexes [none]
[debug] [2025-11-03T07:52:31.755Z] >>> [apiv2][query] GET https://firestore.googleapis.com/v1/projects/career-5033d/databases/(default)/collectionGroups/-/fields?filter=indexConfig.usesAncestorConfig=false OR ttlConfig:* [none]
[debug] [2025-11-03T07:52:33.596Z] <<< [apiv2][status] GET https://firestore.googleapis.com/v1/projects/career-5033d/databases/(default)/collectionGroups/-/fields?filter=indexConfig.usesAncestorConfig=false OR ttlConfig:* 200
[debug] [2025-11-03T07:52:33.596Z] <<< [apiv2][body] GET https://firestore.googleapis.com/v1/projects/career-5033d/databases/(default)/collectionGroups/-/fields?filter=indexConfig.usesAncestorConfig=false OR ttlConfig:* {"fields":[{"name":"projects/career-5033d/databases/(default)/collectionGroups/__default__/fields/*","indexConfig":{"indexes":[{"queryScope":"COLLECTION","fields":[{"fieldPath":"*","order":"ASCENDING"}],"state":"READY"},{"queryScope":"COLLECTION","fields":[{"fieldPath":"*","order":"DESCENDING"}],"state":"READY"},{"queryScope":"COLLECTION","fields":[{"fieldPath":"*","arrayConfig":"CONTAINS"}],"state":"READY"}]}}]}
[debug] [2025-11-03T07:52:33.678Z] <<< [apiv2][status] GET https://firestore.googleapis.com/v1/projects/career-5033d/databases/(default)/collectionGroups/-/indexes 200
[debug] [2025-11-03T07:52:33.678Z] <<< [apiv2][body] GET https://firestore.googleapis.com/v1/projects/career-5033d/databases/(default)/collectionGroups/-/indexes {}
[info] i  Downloaded the existing Firestore indexes from the Firebase console 
[info] +  Wrote firestore.rules 
[info] +  Wrote firestore.indexes.json 
[info] 
=== Genkit Setup
[debug] [2025-11-03T07:52:51.716Z] > command requires scopes: ["email","openid","https://www.googleapis.com/auth/cloudplatformprojects.readonly","https://www.googleapis.com/auth/firebase","https://www.googleapis.com/auth/cloud-platform"]
[debug] [2025-11-03T07:52:51.717Z] > authorizing via signed-in user (koloitumo2@gmail.com)
[debug] [2025-11-03T07:52:51.717Z] [iam] checking project career-5033d for permissions ["firebase.projects.get"]
[debug] [2025-11-03T07:52:51.717Z] Checked if tokens are valid: true, expires at: 1762158786309
[debug] [2025-11-03T07:52:51.717Z] Checked if tokens are valid: true, expires at: 1762158786309
[debug] [2025-11-03T07:52:51.717Z] >>> [apiv2][query] POST https://cloudresourcemanager.googleapis.com/v1/projects/career-5033d:testIamPermissions [none]
[debug] [2025-11-03T07:52:51.717Z] >>> [apiv2][(partial)header] POST https://cloudresourcemanager.googleapis.com/v1/projects/career-5033d:testIamPermissions x-goog-quota-user=projects/career-5033d
[debug] [2025-11-03T07:52:51.717Z] >>> [apiv2][body] POST https://cloudresourcemanager.googleapis.com/v1/projects/career-5033d:testIamPermissions {"permissions":["firebase.projects.get"]}
[debug] [2025-11-03T07:52:53.501Z] <<< [apiv2][status] POST https://cloudresourcemanager.googleapis.com/v1/projects/career-5033d:testIamPermissions 200
[debug] [2025-11-03T07:52:53.501Z] <<< [apiv2][body] POST https://cloudresourcemanager.googleapis.com/v1/projects/career-5033d:testIamPermissions {"permissions":["firebase.projects.get"]}
[debug] [2025-11-03T07:52:53.502Z] Checked if tokens are valid: true, expires at: 1762158786309
[debug] [2025-11-03T07:52:53.502Z] Checked if tokens are valid: true, expires at: 1762158786309
[debug] [2025-11-03T07:52:53.502Z] Checked if tokens are valid: true, expires at: 1762158786309
[debug] [2025-11-03T07:52:53.502Z] Checked if tokens are valid: true, expires at: 1762158786309
[debug] [2025-11-03T07:52:53.502Z] >>> [apiv2][query] GET https://serviceusage.googleapis.com/v1/projects/career-5033d/services/cloudfunctions.googleapis.com [none]
[debug] [2025-11-03T07:52:53.502Z] >>> [apiv2][(partial)header] GET https://serviceusage.googleapis.com/v1/projects/career-5033d/services/cloudfunctions.googleapis.com x-goog-quota-user=projects/career-5033d
[debug] [2025-11-03T07:52:53.504Z] >>> [apiv2][query] GET https://serviceusage.googleapis.com/v1/projects/career-5033d/services/runtimeconfig.googleapis.com [none]
[debug] [2025-11-03T07:52:53.504Z] >>> [apiv2][(partial)header] GET https://serviceusage.googleapis.com/v1/projects/career-5033d/services/runtimeconfig.googleapis.com x-goog-quota-user=projects/career-5033d
[debug] [2025-11-03T07:52:55.431Z] <<< [apiv2][status] GET https://serviceusage.googleapis.com/v1/projects/career-5033d/services/runtimeconfig.googleapis.com 200
[debug] [2025-11-03T07:52:55.431Z] <<< [apiv2][body] GET https://serviceusage.googleapis.com/v1/projects/career-5033d/services/runtimeconfig.googleapis.com [omitted]
[debug] [2025-11-03T07:52:55.446Z] <<< [apiv2][status] GET https://serviceusage.googleapis.com/v1/projects/career-5033d/services/cloudfunctions.googleapis.com 200
[debug] [2025-11-03T07:52:55.446Z] <<< [apiv2][body] GET https://serviceusage.googleapis.com/v1/projects/career-5033d/services/cloudfunctions.googleapis.com [omitted]
[debug] [2025-11-03T07:52:55.447Z] Checked if tokens are valid: true, expires at: 1762158786309
[debug] [2025-11-03T07:52:55.447Z] Checked if tokens are valid: true, expires at: 1762158786309
[debug] [2025-11-03T07:52:55.447Z] >>> [apiv2][query] POST https://serviceusage.googleapis.com/v1/projects/career-5033d/services/cloudfunctions.googleapis.com:enable [none]
[debug] [2025-11-03T07:52:55.447Z] >>> [apiv2][(partial)header] POST https://serviceusage.googleapis.com/v1/projects/career-5033d/services/cloudfunctions.googleapis.com:enable x-goog-quota-user=projects/career-5033d
[debug] [2025-11-03T07:52:57.368Z] <<< [apiv2][status] POST https://serviceusage.googleapis.com/v1/projects/career-5033d/services/cloudfunctions.googleapis.com:enable 200
[debug] [2025-11-03T07:52:57.368Z] <<< [apiv2][body] POST https://serviceusage.googleapis.com/v1/projects/career-5033d/services/cloudfunctions.googleapis.com:enable [omitted]
[info] Let's create a new codebase for your functions.
[info] A directory corresponding to the codebase will be created in your project
[info] with sample code pre-configured.

[info] See https://firebase.google.com/docs/functions/organize-functions for
[info] more information on organizing your functions using codebases.

[info] Functions can be deployed with firebase deploy.

[info] +  Wrote functions/package.json 
[info] +  Wrote functions/.eslintrc.js 
[info] +  Wrote functions/tsconfig.dev.json 
[info] +  Wrote functions/tsconfig.json 
[info] +  Wrote functions/src/index.ts 
[info] +  Wrote functions/.gitignore 
[info] 
[info] i  genkit: Installing Genkit CLI version 1.22.0
 
[info] i  aiplatform: ensuring required API aiplatform.googleapis.com is enabled... 
[debug] [2025-11-03T07:58:58.515Z] Checked if tokens are valid: true, expires at: 1762158786309
[debug] [2025-11-03T07:58:58.515Z] Checked if tokens are valid: true, expires at: 1762158786309
[debug] [2025-11-03T07:58:58.515Z] >>> [apiv2][query] GET https://serviceusage.googleapis.com/v1/projects/career-5033d/services/aiplatform.googleapis.com [none]
[debug] [2025-11-03T07:58:58.516Z] >>> [apiv2][(partial)header] GET https://serviceusage.googleapis.com/v1/projects/career-5033d/services/aiplatform.googleapis.com x-goog-quota-user=projects/career-5033d
[debug] [2025-11-03T07:59:01.100Z] <<< [apiv2][status] GET https://serviceusage.googleapis.com/v1/projects/career-5033d/services/aiplatform.googleapis.com 200
[debug] [2025-11-03T07:59:01.100Z] <<< [apiv2][body] GET https://serviceusage.googleapis.com/v1/projects/career-5033d/services/aiplatform.googleapis.com [omitted]
[warn] !  aiplatform: missing required API aiplatform.googleapis.com. Enabling now... 
[debug] [2025-11-03T07:59:01.100Z] Checked if tokens are valid: true, expires at: 1762158786309
[debug] [2025-11-03T07:59:01.101Z] Checked if tokens are valid: true, expires at: 1762158786309
[debug] [2025-11-03T07:59:01.101Z] >>> [apiv2][query] POST https://serviceusage.googleapis.com/v1/projects/career-5033d/services/aiplatform.googleapis.com:enable [none]
[debug] [2025-11-03T07:59:01.101Z] >>> [apiv2][(partial)header] POST https://serviceusage.googleapis.com/v1/projects/career-5033d/services/aiplatform.googleapis.com:enable x-goog-quota-user=projects/career-5033d
[debug] [2025-11-03T07:59:02.219Z] <<< [apiv2][status] POST https://serviceusage.googleapis.com/v1/projects/career-5033d/services/aiplatform.googleapis.com:enable 200
[debug] [2025-11-03T07:59:02.219Z] <<< [apiv2][body] POST https://serviceusage.googleapis.com/v1/projects/career-5033d/services/aiplatform.googleapis.com:enable [omitted]
[info] i  genkit: Installing NPM packages for genkit 
[info] +  genkit: Successfully installed NPM packages 
[error] !!  genkit: Genkit initialization failed: User force closed the prompt with SIGINT 
[info] 
=== Functions Setup
[debug] [2025-11-03T08:03:20.289Z] > command requires scopes: ["email","openid","https://www.googleapis.com/auth/cloudplatformprojects.readonly","https://www.googleapis.com/auth/firebase","https://www.googleapis.com/auth/cloud-platform"]
[debug] [2025-11-03T08:03:20.290Z] > authorizing via signed-in user (koloitumo2@gmail.com)
[debug] [2025-11-03T08:03:20.290Z] [iam] checking project career-5033d for permissions ["firebase.projects.get"]
[debug] [2025-11-03T08:03:20.290Z] Checked if tokens are valid: true, expires at: 1762158786309
[debug] [2025-11-03T08:03:20.290Z] Checked if tokens are valid: true, expires at: 1762158786309
[debug] [2025-11-03T08:03:20.290Z] >>> [apiv2][query] POST https://cloudresourcemanager.googleapis.com/v1/projects/career-5033d:testIamPermissions [none]
[debug] [2025-11-03T08:03:20.290Z] >>> [apiv2][(partial)header] POST https://cloudresourcemanager.googleapis.com/v1/projects/career-5033d:testIamPermissions x-goog-quota-user=projects/career-5033d
[debug] [2025-11-03T08:03:20.290Z] >>> [apiv2][body] POST https://cloudresourcemanager.googleapis.com/v1/projects/career-5033d:testIamPermissions {"permissions":["firebase.projects.get"]}
[debug] [2025-11-03T08:03:33.175Z] <<< [apiv2][status] POST https://cloudresourcemanager.googleapis.com/v1/projects/career-5033d:testIamPermissions 200
[debug] [2025-11-03T08:03:33.175Z] <<< [apiv2][body] POST https://cloudresourcemanager.googleapis.com/v1/projects/career-5033d:testIamPermissions {"permissions":["firebase.projects.get"]}
[info] 
Detected existing codebase(s): default

[debug] [2025-11-03T08:04:25.145Z] ExitPromptError: User force closed the prompt with SIGINT
    at Interface.sigint (C:\Users\User\AppData\Roaming\npm\node_modules\firebase-tools\node_modules\@inquirer\core\dist\commonjs\lib\create-prompt.js:101:37)
    at Interface.emit (node:events:519:28)
    at Interface.emit (node:domain:489:12)
    at [_ttyWrite] [as _ttyWrite] (node:internal/readline/interface:1128:18)
    at ReadStream.onkeypress (node:internal/readline/interface:271:20)
    at ReadStream.emit (node:events:531:35)
    at ReadStream.emit (node:domain:489:12)
    at emitKeys (node:internal/readline/utils:370:14)
    at emitKeys.next (<anonymous>)
    at ReadStream.onData (node:internal/readline/emitKeypressEvents:64:36)
[error] 
[error] Error: An unexpected error has occurred.
